Determining if the pthread_create exist failed with the following output:
Change Dir: /home/bshantam97/valgrind_exercise/build/CMakeFiles/CMakeTmp

Run Build Command:"/usr/bin/make" "cmTC_0f965/fast"
/usr/bin/make -f CMakeFiles/cmTC_0f965.dir/build.make CMakeFiles/cmTC_0f965.dir/build
make[1]: Entering directory '/home/bshantam97/valgrind_exercise/build/CMakeFiles/CMakeTmp'
Building C object CMakeFiles/cmTC_0f965.dir/CheckSymbolExists.c.o
/usr/bin/cc     -o CMakeFiles/cmTC_0f965.dir/CheckSymbolExists.c.o   -c /home/bshantam97/valgrind_exercise/build/CMakeFiles/CMakeTmp/CheckSymbolExists.c
Linking C executable cmTC_0f965
/usr/bin/cmake -E cmake_link_script CMakeFiles/cmTC_0f965.dir/link.txt --verbose=1
/usr/bin/cc       CMakeFiles/cmTC_0f965.dir/CheckSymbolExists.c.o  -o cmTC_0f965 -rdynamic 
CMakeFiles/cmTC_0f965.dir/CheckSymbolExists.c.o: In function `main':
CheckSymbolExists.c:(.text+0x16): undefined reference to `pthread_create'
collect2: error: ld returned 1 exit status
CMakeFiles/cmTC_0f965.dir/build.make:97: recipe for target 'cmTC_0f965' failed
make[1]: *** [cmTC_0f965] Error 1
make[1]: Leaving directory '/home/bshantam97/valgrind_exercise/build/CMakeFiles/CMakeTmp'
Makefile:126: recipe for target 'cmTC_0f965/fast' failed
make: *** [cmTC_0f965/fast] Error 2

File /home/bshantam97/valgrind_exercise/build/CMakeFiles/CMakeTmp/CheckSymbolExists.c:
/* */
#include <pthread.h>

int main(int argc, char** argv)
{
  (void)argv;
#ifndef pthread_create
  return ((int*)(&pthread_create))[argc];
#else
  (void)argc;
  return 0;
#endif
}

Determining if the function pthread_create exists in the pthreads failed with the following output:
Change Dir: /home/bshantam97/valgrind_exercise/build/CMakeFiles/CMakeTmp

Run Build Command:"/usr/bin/make" "cmTC_619c5/fast"
/usr/bin/make -f CMakeFiles/cmTC_619c5.dir/build.make CMakeFiles/cmTC_619c5.dir/build
make[1]: Entering directory '/home/bshantam97/valgrind_exercise/build/CMakeFiles/CMakeTmp'
Building C object CMakeFiles/cmTC_619c5.dir/CheckFunctionExists.c.o
/usr/bin/cc    -DCHECK_FUNCTION_EXISTS=pthread_create   -o CMakeFiles/cmTC_619c5.dir/CheckFunctionExists.c.o   -c /usr/share/cmake-3.5/Modules/CheckFunctionExists.c
Linking C executable cmTC_619c5
/usr/bin/cmake -E cmake_link_script CMakeFiles/cmTC_619c5.dir/link.txt --verbose=1
/usr/bin/cc   -DCHECK_FUNCTION_EXISTS=pthread_create    CMakeFiles/cmTC_619c5.dir/CheckFunctionExists.c.o  -o cmTC_619c5 -rdynamic -lpthreads 
/usr/bin/ld: cannot find -lpthreads
collect2: error: ld returned 1 exit status
CMakeFiles/cmTC_619c5.dir/build.make:97: recipe for target 'cmTC_619c5' failed
make[1]: *** [cmTC_619c5] Error 1
make[1]: Leaving directory '/home/bshantam97/valgrind_exercise/build/CMakeFiles/CMakeTmp'
Makefile:126: recipe for target 'cmTC_619c5/fast' failed
make: *** [cmTC_619c5/fast] Error 2


